2025-07-04T10:48:15.217+03:00  INFO 9700 --- [lesson48.hibernate] [main] c.example.lesson48hibernate.Application  : Starting Application using Java 23.0.1 with PID 9700 (D:\JavaProjects\lesson48.hibernate\target\classes started by Artyom in D:\JavaProjects\lesson48.hibernate)
2025-07-04T10:48:15.221+03:00 DEBUG 9700 --- [lesson48.hibernate] [main] c.example.lesson48hibernate.Application  : Running with Spring Boot v3.2.0, Spring v6.1.1
2025-07-04T10:48:15.224+03:00  INFO 9700 --- [lesson48.hibernate] [main] c.example.lesson48hibernate.Application  : No active profile set, falling back to 1 default profile: "default"
2025-07-04T10:48:16.790+03:00  INFO 9700 --- [lesson48.hibernate] [main] .s.d.r.c.RepositoryConfigurationDelegate : Bootstrapping Spring Data JPA repositories in DEFAULT mode.
2025-07-04T10:48:16.908+03:00  INFO 9700 --- [lesson48.hibernate] [main] .s.d.r.c.RepositoryConfigurationDelegate : Finished Spring Data repository scanning in 100 ms. Found 2 JPA repository interfaces.
2025-07-04T10:48:17.759+03:00  INFO 9700 --- [lesson48.hibernate] [main] o.s.b.w.embedded.tomcat.TomcatWebServer  : Tomcat initialized with port 8080 (http)
2025-07-04T10:48:17.774+03:00  INFO 9700 --- [lesson48.hibernate] [main] o.apache.catalina.core.StandardService   : Starting service [Tomcat]
2025-07-04T10:48:17.775+03:00  INFO 9700 --- [lesson48.hibernate] [main] o.apache.catalina.core.StandardEngine    : Starting Servlet engine: [Apache Tomcat/10.1.16]
2025-07-04T10:48:17.893+03:00  INFO 9700 --- [lesson48.hibernate] [main] o.a.c.c.C.[Tomcat].[localhost].[/]       : Initializing Spring embedded WebApplicationContext
2025-07-04T10:48:17.893+03:00  INFO 9700 --- [lesson48.hibernate] [main] w.s.c.ServletWebServerApplicationContext : Root WebApplicationContext: initialization completed in 2568 ms
2025-07-04T10:48:18.132+03:00  INFO 9700 --- [lesson48.hibernate] [main] o.hibernate.jpa.internal.util.LogHelper  : HHH000204: Processing PersistenceUnitInfo [name: default]
2025-07-04T10:48:18.238+03:00  INFO 9700 --- [lesson48.hibernate] [main] org.hibernate.Version                    : HHH000412: Hibernate ORM core version 6.3.1.Final
2025-07-04T10:48:18.298+03:00  INFO 9700 --- [lesson48.hibernate] [main] o.h.c.internal.RegionFactoryInitiator    : HHH000026: Second-level cache disabled
2025-07-04T10:48:18.646+03:00  INFO 9700 --- [lesson48.hibernate] [main] o.s.o.j.p.SpringPersistenceUnitInfo      : No LoadTimeWeaver setup: ignoring JPA class transformer
2025-07-04T10:48:18.678+03:00  INFO 9700 --- [lesson48.hibernate] [main] com.zaxxer.hikari.HikariDataSource       : HikariPool-1 - Starting...
2025-07-04T10:48:18.946+03:00  INFO 9700 --- [lesson48.hibernate] [main] com.zaxxer.hikari.pool.HikariPool        : HikariPool-1 - Added connection conn0: url=jdbc:h2:mem:testdb user=SA
2025-07-04T10:48:18.948+03:00  INFO 9700 --- [lesson48.hibernate] [main] com.zaxxer.hikari.HikariDataSource       : HikariPool-1 - Start completed.
2025-07-04T10:48:19.969+03:00  INFO 9700 --- [lesson48.hibernate] [main] o.h.e.t.j.p.i.JtaPlatformInitiator       : HHH000489: No JTA platform available (set 'hibernate.transaction.jta.platform' to enable JTA platform integration)
2025-07-04T10:48:20.036+03:00  INFO 9700 --- [lesson48.hibernate] [main] j.LocalContainerEntityManagerFactoryBean : Initialized JPA EntityManagerFactory for persistence unit 'default'
2025-07-04T10:48:20.480+03:00  WARN 9700 --- [lesson48.hibernate] [main] JpaBaseConfiguration$JpaWebConfiguration : spring.jpa.open-in-view is enabled by default. Therefore, database queries may be performed during view rendering. Explicitly configure spring.jpa.open-in-view to disable this warning
2025-07-04T10:48:20.904+03:00  INFO 9700 --- [lesson48.hibernate] [main] o.s.b.w.embedded.tomcat.TomcatWebServer  : Tomcat started on port 8080 (http) with context path ''
2025-07-04T10:48:20.912+03:00  INFO 9700 --- [lesson48.hibernate] [main] c.example.lesson48hibernate.Application  : Started Application in 6.453 seconds (process running for 10.011)
2025-07-04T10:48:38.611+03:00  INFO 9700 --- [lesson48.hibernate] [http-nio-8080-exec-1] o.a.c.c.C.[Tomcat].[localhost].[/]       : Initializing Spring DispatcherServlet 'dispatcherServlet'
2025-07-04T10:48:38.612+03:00  INFO 9700 --- [lesson48.hibernate] [http-nio-8080-exec-1] o.s.web.servlet.DispatcherServlet        : Initializing Servlet 'dispatcherServlet'
2025-07-04T10:48:38.614+03:00  INFO 9700 --- [lesson48.hibernate] [http-nio-8080-exec-1] o.s.web.servlet.DispatcherServlet        : Completed initialization in 2 ms
2025-07-04T10:48:39.650+03:00  INFO 9700 --- [lesson48.hibernate] [http-nio-8080-exec-9] o.springdoc.api.AbstractOpenApiResource  : Init duration for springdoc-openapi is: 375 ms
2025-07-04T10:49:32.465+03:00  INFO 9700 --- [lesson48.hibernate] [SpringApplicationShutdownHook] j.LocalContainerEntityManagerFactoryBean : Closing JPA EntityManagerFactory for persistence unit 'default'
2025-07-04T10:49:32.468+03:00  INFO 9700 --- [lesson48.hibernate] [SpringApplicationShutdownHook] com.zaxxer.hikari.HikariDataSource       : HikariPool-1 - Shutdown initiated...
2025-07-04T10:49:32.471+03:00  INFO 9700 --- [lesson48.hibernate] [SpringApplicationShutdownHook] com.zaxxer.hikari.HikariDataSource       : HikariPool-1 - Shutdown completed.
