2025-07-15T15:05:34.411+03:00  INFO 13716 --- [lesson49.hibernatePart2] [main] c.e.lesson49hibernatepart2.Application   : Starting Application using Java 23.0.1 with PID 13716 (D:\JavaProjects\lesson49.hibernatePart2\target\classes started by Artyom in D:\JavaProjects\lesson49.hibernatePart2)
2025-07-15T15:05:34.498+03:00  INFO 13716 --- [lesson49.hibernatePart2] [main] c.e.lesson49hibernatepart2.Application   : No active profile set, falling back to 1 default profile: "default"
2025-07-15T15:05:36.835+03:00  INFO 13716 --- [lesson49.hibernatePart2] [main] .s.d.r.c.RepositoryConfigurationDelegate : Bootstrapping Spring Data JPA repositories in DEFAULT mode.
2025-07-15T15:05:36.872+03:00  INFO 13716 --- [lesson49.hibernatePart2] [main] .s.d.r.c.RepositoryConfigurationDelegate : Finished Spring Data repository scanning in 23 ms. Found 0 JPA repository interfaces.
2025-07-15T15:05:37.874+03:00  INFO 13716 --- [lesson49.hibernatePart2] [main] o.s.b.w.embedded.tomcat.TomcatWebServer  : Tomcat initialized with port 8080 (http)
2025-07-15T15:05:37.892+03:00  INFO 13716 --- [lesson49.hibernatePart2] [main] o.apache.catalina.core.StandardService   : Starting service [Tomcat]
2025-07-15T15:05:37.893+03:00  INFO 13716 --- [lesson49.hibernatePart2] [main] o.apache.catalina.core.StandardEngine    : Starting Servlet engine: [Apache Tomcat/10.1.16]
2025-07-15T15:05:38.001+03:00  INFO 13716 --- [lesson49.hibernatePart2] [main] o.a.c.c.C.[Tomcat].[localhost].[/]       : Initializing Spring embedded WebApplicationContext
2025-07-15T15:05:38.002+03:00  INFO 13716 --- [lesson49.hibernatePart2] [main] w.s.c.ServletWebServerApplicationContext : Root WebApplicationContext: initialization completed in 3352 ms
2025-07-15T15:05:38.245+03:00  INFO 13716 --- [lesson49.hibernatePart2] [main] o.hibernate.jpa.internal.util.LogHelper  : HHH000204: Processing PersistenceUnitInfo [name: default]
2025-07-15T15:05:38.331+03:00  INFO 13716 --- [lesson49.hibernatePart2] [main] org.hibernate.Version                    : HHH000412: Hibernate ORM core version 6.3.1.Final
2025-07-15T15:05:38.389+03:00  INFO 13716 --- [lesson49.hibernatePart2] [main] o.h.c.internal.RegionFactoryInitiator    : HHH000026: Second-level cache disabled
2025-07-15T15:05:38.744+03:00  INFO 13716 --- [lesson49.hibernatePart2] [main] o.s.o.j.p.SpringPersistenceUnitInfo      : No LoadTimeWeaver setup: ignoring JPA class transformer
2025-07-15T15:05:38.779+03:00  INFO 13716 --- [lesson49.hibernatePart2] [main] com.zaxxer.hikari.HikariDataSource       : HikariPool-1 - Starting...
2025-07-15T15:05:39.045+03:00  INFO 13716 --- [lesson49.hibernatePart2] [main] com.zaxxer.hikari.pool.HikariPool        : HikariPool-1 - Added connection conn0: url=jdbc:h2:mem:testdb user=SA
2025-07-15T15:05:39.047+03:00  INFO 13716 --- [lesson49.hibernatePart2] [main] com.zaxxer.hikari.HikariDataSource       : HikariPool-1 - Start completed.
2025-07-15T15:05:40.159+03:00  INFO 13716 --- [lesson49.hibernatePart2] [main] o.h.e.t.j.p.i.JtaPlatformInitiator       : HHH000489: No JTA platform available (set 'hibernate.transaction.jta.platform' to enable JTA platform integration)
2025-07-15T15:05:40.224+03:00  INFO 13716 --- [lesson49.hibernatePart2] [main] j.LocalContainerEntityManagerFactoryBean : Initialized JPA EntityManagerFactory for persistence unit 'default'
2025-07-15T15:05:40.442+03:00  WARN 13716 --- [lesson49.hibernatePart2] [main] JpaBaseConfiguration$JpaWebConfiguration : spring.jpa.open-in-view is enabled by default. Therefore, database queries may be performed during view rendering. Explicitly configure spring.jpa.open-in-view to disable this warning
2025-07-15T15:05:40.921+03:00  INFO 13716 --- [lesson49.hibernatePart2] [main] o.s.b.w.embedded.tomcat.TomcatWebServer  : Tomcat started on port 8080 (http) with context path ''
2025-07-15T15:05:40.929+03:00  INFO 13716 --- [lesson49.hibernatePart2] [main] c.e.lesson49hibernatepart2.Application   : Started Application in 7.772 seconds (process running for 9.483)
2025-07-15T15:05:55.138+03:00  INFO 13716 --- [lesson49.hibernatePart2] [SpringApplicationShutdownHook] j.LocalContainerEntityManagerFactoryBean : Closing JPA EntityManagerFactory for persistence unit 'default'
2025-07-15T15:05:55.141+03:00  INFO 13716 --- [lesson49.hibernatePart2] [SpringApplicationShutdownHook] com.zaxxer.hikari.HikariDataSource       : HikariPool-1 - Shutdown initiated...
2025-07-15T15:05:55.146+03:00  INFO 13716 --- [lesson49.hibernatePart2] [SpringApplicationShutdownHook] com.zaxxer.hikari.HikariDataSource       : HikariPool-1 - Shutdown completed.
